[0m14:46:23.952979 [debug] [MainThread]: Sending event: {'category': 'dbt', 'action': 'invocation', 'label': 'start', 'context': [<snowplow_tracker.self_describing_json.SelfDescribingJson object at 0x7f1e532485b0>, <snowplow_tracker.self_describing_json.SelfDescribingJson object at 0x7f1e51fe0b80>, <snowplow_tracker.self_describing_json.SelfDescribingJson object at 0x7f1e51fe0c70>]}


============================== 14:46:23.976634 | 2d0d564e-7aa0-430d-a930-617bea25552e ==============================
[0m14:46:23.976634 [info ] [MainThread]: Running with dbt=1.5.0
[0m14:46:23.977936 [debug] [MainThread]: running dbt with arguments {'printer_width': '80', 'indirect_selection': 'eager', 'write_json': 'True', 'log_cache_events': 'False', 'partial_parse': 'True', 'cache_selected_only': 'False', 'profiles_dir': '.', 'debug': 'False', 'version_check': 'True', 'log_path': 'logs', 'warn_error': 'None', 'fail_fast': 'False', 'use_colors': 'True', 'use_experimental_parser': 'False', 'no_print': 'None', 'quiet': 'False', 'log_format': 'default', 'static_parser': 'True', 'warn_error_options': 'WarnErrorOptions(include=[], exclude=[])', 'introspect': 'True', 'target_path': 'None', 'send_anonymous_usage_stats': 'True'}
[0m14:46:23.979395 [debug] [MainThread]: Starter project path: /home/codespace/.cache/pypoetry/virtualenvs/dbt-bigquery-analytics-look-ecommerce-WC_5iy0U-py3.10/lib/python3.10/site-packages/dbt/include/starter_project
[0m14:47:43.273688 [info ] [MainThread]: Profile look_ecommerce_analytics written to profiles.yml using target's profile_template.yml and your supplied values. Run 'dbt debug' to validate the connection.
[0m14:47:43.275183 [info ] [MainThread]: 
Your new dbt project "look_ecommerce_analytics" was created!

For more information on how to configure the profiles.yml file,
please consult the dbt documentation here:

  https://docs.getdbt.com/docs/configure-your-profile

One more thing:

Need help? Don't hesitate to reach out to us via GitHub issues or on Slack:

  https://community.getdbt.com/

Happy modeling!

[0m14:47:43.276780 [debug] [MainThread]: Command `dbt init` succeeded at 14:47:43.276598 after 79.33 seconds
[0m14:47:43.277542 [debug] [MainThread]: Sending event: {'category': 'dbt', 'action': 'invocation', 'label': 'end', 'context': [<snowplow_tracker.self_describing_json.SelfDescribingJson object at 0x7f1e532485b0>, <snowplow_tracker.self_describing_json.SelfDescribingJson object at 0x7f1e50044490>, <snowplow_tracker.self_describing_json.SelfDescribingJson object at 0x7f1e50044520>]}
[0m14:47:43.278228 [debug] [MainThread]: Flushing usage events
[0m15:52:28.658294 [debug] [MainThread]: Sending event: {'category': 'dbt', 'action': 'invocation', 'label': 'start', 'context': [<snowplow_tracker.self_describing_json.SelfDescribingJson object at 0x7f51f6b775e0>, <snowplow_tracker.self_describing_json.SelfDescribingJson object at 0x7f51f55b10c0>, <snowplow_tracker.self_describing_json.SelfDescribingJson object at 0x7f51f55b1150>]}


============================== 15:52:28.661963 | 32a732cf-9f5f-4cf7-aa4a-ef9035cc7676 ==============================
[0m15:52:28.661963 [info ] [MainThread]: Running with dbt=1.5.0
[0m15:52:28.663242 [debug] [MainThread]: running dbt with arguments {'printer_width': '80', 'indirect_selection': 'eager', 'log_cache_events': 'False', 'write_json': 'True', 'partial_parse': 'True', 'cache_selected_only': 'False', 'profiles_dir': '/home/codespace/.dbt', 'version_check': 'True', 'fail_fast': 'False', 'log_path': 'logs', 'debug': 'False', 'warn_error': 'None', 'use_colors': 'True', 'use_experimental_parser': 'False', 'no_print': 'None', 'quiet': 'False', 'log_format': 'default', 'static_parser': 'True', 'introspect': 'True', 'warn_error_options': 'WarnErrorOptions(include=[], exclude=[])', 'target_path': 'None', 'send_anonymous_usage_stats': 'True'}
[0m15:52:28.664160 [info ] [MainThread]: dbt version: 1.5.0
[0m15:52:28.664976 [info ] [MainThread]: python version: 3.10.8
[0m15:52:28.665971 [info ] [MainThread]: python path: /home/codespace/.cache/pypoetry/virtualenvs/dbt-bigquery-analytics-look-ecommerce-WC_5iy0U-py3.10/bin/python
[0m15:52:28.667004 [info ] [MainThread]: os info: Linux-5.15.0-1041-azure-x86_64-with-glibc2.31
[0m15:52:28.668059 [info ] [MainThread]: Using profiles.yml file at /home/codespace/.dbt/profiles.yml
[0m15:52:28.669097 [info ] [MainThread]: Using dbt_project.yml file at /workspaces/DBT-BigQuery-Analytics-Look-eCommerce/dbt/dbt_project.yml
[0m15:52:28.670081 [info ] [MainThread]: Configuration:
[0m15:52:28.671149 [info ] [MainThread]:   profiles.yml file [[31mERROR not found[0m]
[0m15:52:28.672137 [info ] [MainThread]:   dbt_project.yml file [[31mERROR not found[0m]
[0m15:52:28.673159 [info ] [MainThread]: Required dependencies:
[0m15:52:28.674106 [debug] [MainThread]: Executing "git --help"
[0m15:52:28.677018 [debug] [MainThread]: STDOUT: "b"usage: git [-v | --version] [-h | --help] [-C <path>] [-c <name>=<value>]\n           [--exec-path[=<path>]] [--html-path] [--man-path] [--info-path]\n           [-p | --paginate | -P | --no-pager] [--no-replace-objects] [--bare]\n           [--git-dir=<path>] [--work-tree=<path>] [--namespace=<name>]\n           [--config-env=<name>=<envvar>] <command> [<args>]\n\nThese are common Git commands used in various situations:\n\nstart a working area (see also: git help tutorial)\n   clone     Clone a repository into a new directory\n   init      Create an empty Git repository or reinitialize an existing one\n\nwork on the current change (see also: git help everyday)\n   add       Add file contents to the index\n   mv        Move or rename a file, a directory, or a symlink\n   restore   Restore working tree files\n   rm        Remove files from the working tree and from the index\n\nexamine the history and state (see also: git help revisions)\n   bisect    Use binary search to find the commit that introduced a bug\n   diff      Show changes between commits, commit and working tree, etc\n   grep      Print lines matching a pattern\n   log       Show commit logs\n   show      Show various types of objects\n   status    Show the working tree status\n\ngrow, mark and tweak your common history\n   branch    List, create, or delete branches\n   commit    Record changes to the repository\n   merge     Join two or more development histories together\n   rebase    Reapply commits on top of another base tip\n   reset     Reset current HEAD to the specified state\n   switch    Switch branches\n   tag       Create, list, delete or verify a tag object signed with GPG\n\ncollaborate (see also: git help workflows)\n   fetch     Download objects and refs from another repository\n   pull      Fetch from and integrate with another repository or a local branch\n   push      Update remote refs along with associated objects\n\n'git help -a' and 'git help -g' list available subcommands and some\nconcept guides. See 'git help <command>' or 'git help <concept>'\nto read about a specific subcommand or concept.\nSee 'git help git' for an overview of the system.\n""
[0m15:52:28.677641 [debug] [MainThread]: STDERR: "b''"
[0m15:52:28.678108 [info ] [MainThread]:  - git [[32mOK found[0m]

[0m15:52:28.678990 [info ] [MainThread]: [31m1 check failed:[0m
[0m15:52:28.679864 [info ] [MainThread]: dbt looked for a profiles.yml file in /home/codespace/.dbt/profiles.yml, but did
not find one. For more information on configuring your profile, consult the
documentation:

https://docs.getdbt.com/docs/configure-your-profile


[0m15:52:28.681147 [debug] [MainThread]: Command `dbt debug` failed at 15:52:28.680995 after 0.03 seconds
[0m15:52:28.681672 [debug] [MainThread]: Sending event: {'category': 'dbt', 'action': 'invocation', 'label': 'end', 'context': [<snowplow_tracker.self_describing_json.SelfDescribingJson object at 0x7f51f6b775e0>, <snowplow_tracker.self_describing_json.SelfDescribingJson object at 0x7f51f55b1090>, <snowplow_tracker.self_describing_json.SelfDescribingJson object at 0x7f51f55b0f10>]}
[0m15:52:28.682437 [debug] [MainThread]: Flushing usage events
[0m19:18:40.357302 [debug] [MainThread]: Sending event: {'category': 'dbt', 'action': 'invocation', 'label': 'start', 'context': [<snowplow_tracker.self_describing_json.SelfDescribingJson object at 0x7f6b7e48f5e0>, <snowplow_tracker.self_describing_json.SelfDescribingJson object at 0x7f6b7cec91b0>, <snowplow_tracker.self_describing_json.SelfDescribingJson object at 0x7f6b7cec9240>]}


============================== 19:18:40.367833 | 17494925-e4f5-4f07-b5f4-21663bbf0f71 ==============================
[0m19:18:40.367833 [info ] [MainThread]: Running with dbt=1.5.0
[0m19:18:40.368887 [debug] [MainThread]: running dbt with arguments {'printer_width': '80', 'indirect_selection': 'eager', 'write_json': 'True', 'log_cache_events': 'False', 'partial_parse': 'True', 'cache_selected_only': 'False', 'warn_error': 'None', 'version_check': 'True', 'fail_fast': 'False', 'log_path': 'logs', 'debug': 'False', 'profiles_dir': '/home/codespace/.dbt', 'use_colors': 'True', 'use_experimental_parser': 'False', 'no_print': 'None', 'quiet': 'False', 'log_format': 'default', 'static_parser': 'True', 'introspect': 'True', 'warn_error_options': 'WarnErrorOptions(include=[], exclude=[])', 'target_path': 'None', 'send_anonymous_usage_stats': 'True'}
[0m19:18:40.369892 [info ] [MainThread]: dbt version: 1.5.0
[0m19:18:40.371042 [info ] [MainThread]: python version: 3.10.8
[0m19:18:40.372265 [info ] [MainThread]: python path: /home/codespace/.cache/pypoetry/virtualenvs/dbt-bigquery-analytics-look-ecommerce-WC_5iy0U-py3.10/bin/python
[0m19:18:40.373082 [info ] [MainThread]: os info: Linux-5.15.0-1041-azure-x86_64-with-glibc2.31
[0m19:18:40.373896 [info ] [MainThread]: Using profiles.yml file at /home/codespace/.dbt/profiles.yml
[0m19:18:40.375075 [info ] [MainThread]: Using dbt_project.yml file at /workspaces/DBT-BigQuery-Analytics-Look-eCommerce/dbt/dbt_project.yml
[0m19:18:40.376122 [info ] [MainThread]: Configuration:
[0m19:18:40.377472 [info ] [MainThread]:   profiles.yml file [[31mERROR not found[0m]
[0m19:18:40.378539 [info ] [MainThread]:   dbt_project.yml file [[31mERROR not found[0m]
[0m19:18:40.379579 [info ] [MainThread]: Required dependencies:
[0m19:18:40.385467 [debug] [MainThread]: Executing "git --help"
[0m19:18:40.388893 [debug] [MainThread]: STDOUT: "b"usage: git [-v | --version] [-h | --help] [-C <path>] [-c <name>=<value>]\n           [--exec-path[=<path>]] [--html-path] [--man-path] [--info-path]\n           [-p | --paginate | -P | --no-pager] [--no-replace-objects] [--bare]\n           [--git-dir=<path>] [--work-tree=<path>] [--namespace=<name>]\n           [--config-env=<name>=<envvar>] <command> [<args>]\n\nThese are common Git commands used in various situations:\n\nstart a working area (see also: git help tutorial)\n   clone     Clone a repository into a new directory\n   init      Create an empty Git repository or reinitialize an existing one\n\nwork on the current change (see also: git help everyday)\n   add       Add file contents to the index\n   mv        Move or rename a file, a directory, or a symlink\n   restore   Restore working tree files\n   rm        Remove files from the working tree and from the index\n\nexamine the history and state (see also: git help revisions)\n   bisect    Use binary search to find the commit that introduced a bug\n   diff      Show changes between commits, commit and working tree, etc\n   grep      Print lines matching a pattern\n   log       Show commit logs\n   show      Show various types of objects\n   status    Show the working tree status\n\ngrow, mark and tweak your common history\n   branch    List, create, or delete branches\n   commit    Record changes to the repository\n   merge     Join two or more development histories together\n   rebase    Reapply commits on top of another base tip\n   reset     Reset current HEAD to the specified state\n   switch    Switch branches\n   tag       Create, list, delete or verify a tag object signed with GPG\n\ncollaborate (see also: git help workflows)\n   fetch     Download objects and refs from another repository\n   pull      Fetch from and integrate with another repository or a local branch\n   push      Update remote refs along with associated objects\n\n'git help -a' and 'git help -g' list available subcommands and some\nconcept guides. See 'git help <command>' or 'git help <concept>'\nto read about a specific subcommand or concept.\nSee 'git help git' for an overview of the system.\n""
[0m19:18:40.389500 [debug] [MainThread]: STDERR: "b''"
[0m19:18:40.389984 [info ] [MainThread]:  - git [[32mOK found[0m]

[0m19:18:40.390853 [info ] [MainThread]: [31m1 check failed:[0m
[0m19:18:40.391817 [info ] [MainThread]: dbt looked for a profiles.yml file in /home/codespace/.dbt/profiles.yml, but did
not find one. For more information on configuring your profile, consult the
documentation:

https://docs.getdbt.com/docs/configure-your-profile


[0m19:18:40.392912 [debug] [MainThread]: Command `dbt debug` failed at 19:18:40.392770 after 0.04 seconds
[0m19:18:40.393416 [debug] [MainThread]: Sending event: {'category': 'dbt', 'action': 'invocation', 'label': 'end', 'context': [<snowplow_tracker.self_describing_json.SelfDescribingJson object at 0x7f6b7e48f5e0>, <snowplow_tracker.self_describing_json.SelfDescribingJson object at 0x7f6b7cec9180>, <snowplow_tracker.self_describing_json.SelfDescribingJson object at 0x7f6b7cec9000>]}
[0m19:18:40.394138 [debug] [MainThread]: Flushing usage events
